2024-10-26T21:24:42.395Z [[32minfo[39m]: Socket service initialiazing
2024-10-26T21:27:32.608Z [[32minfo[39m]: Socket service initialiazing
2024-10-26T21:27:55.325Z [[32minfo[39m]: Socket service initialiazing
2024-10-26T21:28:01.256Z [[32minfo[39m]: Socket service initialiazing
2024-10-26T21:31:50.931Z [[32minfo[39m]: Socket service initialiazing
2024-10-26T21:32:09.792Z [[32minfo[39m]: Socket service initialiazing
2024-10-26T21:32:09.799Z [[32minfo[39m]: Socket service listening
2024-10-26T21:34:57.766Z [[32minfo[39m]: user connected
2024-10-27T14:20:00Z [[32minfo[39m]: Message received:  Hello, how are you?
2024-10-27T14:20:00Z [[32minfo[39m]: Message published:  Hello, how are you?
2024-10-26T21:37:21.034Z [[32minfo[39m]: Message received from Redis: 
2024-10-26T21:38:34.135Z [[32minfo[39m]: Socket service initialiazing
2024-10-26T21:38:34.142Z [[32minfo[39m]: Socket service listening
2024-10-26T21:38:43.821Z [[32minfo[39m]: user connected
2024-10-27T14:20:00Z [[32minfo[39m]: Message received:  Hello, how are you?
2024-10-26T21:38:46.555Z [[32minfo[39m]: Message stringified: 
2024-10-27T14:20:00Z [[32minfo[39m]: Message published:  Hello, how are you?
2024-10-26T21:38:46.702Z [[32minfo[39m]: Message received from Redis: 
2024-10-26T21:39:52.614Z [[32minfo[39m]: Socket service initialiazing
2024-10-26T21:39:52.621Z [[32minfo[39m]: Socket service listening
2024-10-26T21:39:56.350Z [[32minfo[39m]: user connected
2024-10-27T14:20:00Z [[32minfo[39m]: Message received:  Hello, how are you?
2024-10-26T21:39:58.732Z [[32minfo[39m]: Message stringified: 
2024-10-26T21:39:58.819Z [[32minfo[39m]: Message received from Redis: 
2024-10-27T14:20:00Z [[32minfo[39m]: Message published:  Hello, how are you?
2024-10-26T21:40:25.824Z [[32minfo[39m]: user connected
2024-10-26T21:40:29.735Z [[32minfo[39m]: user connected
2024-10-27T14:20:00Z [[32minfo[39m]: Message received:  Hello, how are you?
2024-10-26T21:40:32.771Z [[32minfo[39m]: Message stringified: 
2024-10-26T21:40:32.870Z [[32minfo[39m]: Message received from Redis: 
2024-10-27T14:20:00Z [[32minfo[39m]: Message published:  Hello, how are you?
2024-10-27T14:20:00Z [[32minfo[39m]: Message received:  Hello, how are you?
2024-10-26T21:41:00.461Z [[32minfo[39m]: Message stringified: 
2024-10-26T21:41:00.543Z [[32minfo[39m]: Message received from Redis: 
2024-10-27T14:20:00Z [[32minfo[39m]: Message published:  Hello, how are you?
2024-10-26T21:55:12.349Z [[32minfo[39m]: Socket service initialiazing
2024-10-26T21:55:12.356Z [[32minfo[39m]: Socket service listening
2024-10-26T21:55:43.522Z [[32minfo[39m]: user connected
2024-10-26T21:56:19.917Z [[32minfo[39m]: user connected
2024-10-26T21:56:23.421Z [[32minfo[39m]: user connected
2024-10-26T21:56:26.944Z [[32minfo[39m]: user connected
2024-10-26T21:56:28.177Z [[32minfo[39m]: user connected
2024-10-26T21:56:29.281Z [[32minfo[39m]: user connected
2024-10-26T21:56:31.255Z [[32minfo[39m]: user connected
2024-10-26T21:56:34.862Z [[32minfo[39m]: user connected
2024-10-26T21:56:39.819Z [[32minfo[39m]: user connected
2024-10-26T21:56:42.856Z [[32minfo[39m]: user connected
2024-10-26T21:56:55.583Z [[32minfo[39m]: user connected
2024-10-26T22:00:21.944Z [[32minfo[39m]: user connected
2024-10-26T22:00:48.261Z [[32minfo[39m]: Message received:  [object Object]
2024-10-26T22:00:48.264Z [[32minfo[39m]: Message stringified: 
2024-10-26T22:00:48.357Z [[32minfo[39m]: Message received from Redis: 
2024-10-26T22:00:48.358Z [[32minfo[39m]: Message published:  [object Object]
2024-10-26T22:00:48.376Z [[32minfo[39m]: Message received:  [object Object]
2024-10-26T22:00:48.377Z [[32minfo[39m]: Message stringified: 
2024-10-26T22:00:48.466Z [[32minfo[39m]: Message received from Redis: 
2024-10-26T22:00:48.466Z [[32minfo[39m]: Message published:  [object Object]
2024-10-26T22:00:48.482Z [[32minfo[39m]: Message received:  [object Object]
2024-10-26T22:00:48.482Z [[32minfo[39m]: Message stringified: 
2024-10-26T22:00:48.568Z [[32minfo[39m]: Message received from Redis: 
2024-10-26T22:00:48.568Z [[32minfo[39m]: Message published:  [object Object]
2024-10-26T22:00:48.582Z [[32minfo[39m]: Message received:  [object Object]
2024-10-26T22:00:48.583Z [[32minfo[39m]: Message stringified: 
2024-10-26T22:00:48.668Z [[32minfo[39m]: Message received from Redis: 
2024-10-26T22:00:48.668Z [[32minfo[39m]: Message published:  [object Object]
2024-10-26T22:00:48.682Z [[32minfo[39m]: Message received:  [object Object]
2024-10-26T22:00:48.683Z [[32minfo[39m]: Message stringified: 
2024-10-26T22:00:48.768Z [[32minfo[39m]: Message received from Redis: 
2024-10-26T22:00:48.769Z [[32minfo[39m]: Message published:  [object Object]
2024-10-26T22:00:48.785Z [[32minfo[39m]: Message received:  [object Object]
2024-10-26T22:00:48.785Z [[32minfo[39m]: Message stringified: 
2024-10-26T22:00:48.868Z [[32minfo[39m]: Message received from Redis: 
2024-10-26T22:00:48.868Z [[32minfo[39m]: Message published:  [object Object]
2024-10-26T22:00:48.882Z [[32minfo[39m]: Message received:  [object Object]
2024-10-26T22:00:48.883Z [[32minfo[39m]: Message stringified: 
2024-10-26T22:00:48.968Z [[32minfo[39m]: Message received from Redis: 
2024-10-26T22:00:48.968Z [[32minfo[39m]: Message published:  [object Object]
2024-10-26T22:00:48.983Z [[32minfo[39m]: Message received:  [object Object]
2024-10-26T22:00:48.983Z [[32minfo[39m]: Message stringified: 
2024-10-26T22:00:49.068Z [[32minfo[39m]: Message received from Redis: 
2024-10-26T22:00:49.068Z [[32minfo[39m]: Message published:  [object Object]
2024-10-26T22:00:49.080Z [[32minfo[39m]: Message received:  [object Object]
2024-10-26T22:00:49.081Z [[32minfo[39m]: Message stringified: 
2024-10-26T22:00:49.158Z [[32minfo[39m]: Message received from Redis: 
2024-10-26T22:00:49.160Z [[32minfo[39m]: Message published:  [object Object]
2024-10-26T22:00:49.177Z [[32minfo[39m]: Message received:  [object Object]
2024-10-26T22:00:49.178Z [[32minfo[39m]: Message stringified: 
2024-10-26T22:00:49.258Z [[32minfo[39m]: Message received from Redis: 
2024-10-26T22:00:49.258Z [[32minfo[39m]: Message published:  [object Object]
2024-10-26T22:00:49.268Z [[32minfo[39m]: Message received:  [object Object]
2024-10-26T22:00:49.269Z [[32minfo[39m]: Message stringified: 
2024-10-26T22:00:49.348Z [[32minfo[39m]: Message received from Redis: 
2024-10-26T22:00:49.348Z [[32minfo[39m]: Message published:  [object Object]
2024-10-26T22:00:49.369Z [[32minfo[39m]: Message received:  [object Object]
2024-10-26T22:00:49.369Z [[32minfo[39m]: Message stringified: 
2024-10-26T22:00:49.448Z [[32minfo[39m]: Message received from Redis: 
2024-10-26T22:00:49.450Z [[32minfo[39m]: Message published:  [object Object]
2024-10-26T22:00:49.467Z [[32minfo[39m]: Message received:  [object Object]
2024-10-26T22:00:49.468Z [[32minfo[39m]: Message stringified: 
2024-10-26T22:00:49.548Z [[32minfo[39m]: Message received from Redis: 
2024-10-26T22:00:49.548Z [[32minfo[39m]: Message published:  [object Object]
2024-10-26T22:00:49.562Z [[32minfo[39m]: Message received:  [object Object]
2024-10-26T22:00:49.562Z [[32minfo[39m]: Message stringified: 
2024-10-26T22:00:49.648Z [[32minfo[39m]: Message received from Redis: 
2024-10-26T22:00:49.649Z [[32minfo[39m]: Message published:  [object Object]
2024-10-26T22:00:49.683Z [[32minfo[39m]: Message received:  [object Object]
2024-10-26T22:00:49.684Z [[32minfo[39m]: Message stringified: 
2024-10-26T22:00:49.768Z [[32minfo[39m]: Message received from Redis: 
2024-10-26T22:00:49.770Z [[32minfo[39m]: Message published:  [object Object]
2024-10-26T22:00:49.789Z [[32minfo[39m]: Message received:  [object Object]
2024-10-26T22:00:49.790Z [[32minfo[39m]: Message stringified: 
2024-10-26T22:00:49.868Z [[32minfo[39m]: Message received from Redis: 
2024-10-26T22:00:49.869Z [[32minfo[39m]: Message published:  [object Object]
2024-10-26T22:00:49.881Z [[32minfo[39m]: Message received:  [object Object]
2024-10-26T22:00:49.882Z [[32minfo[39m]: Message stringified: 
2024-10-26T22:00:49.958Z [[32minfo[39m]: Message received from Redis: 
2024-10-26T22:00:49.958Z [[32minfo[39m]: Message published:  [object Object]
2024-10-26T22:00:49.969Z [[32minfo[39m]: Message received:  [object Object]
2024-10-26T22:00:49.970Z [[32minfo[39m]: Message stringified: 
2024-10-26T22:00:50.048Z [[32minfo[39m]: Message received from Redis: 
2024-10-26T22:00:50.049Z [[32minfo[39m]: Message published:  [object Object]
2024-10-26T22:00:50.071Z [[32minfo[39m]: Message received:  [object Object]
2024-10-26T22:00:50.071Z [[32minfo[39m]: Message stringified: 
2024-10-26T22:00:50.148Z [[32minfo[39m]: Message received from Redis: 
2024-10-26T22:00:50.150Z [[32minfo[39m]: Message published:  [object Object]
2024-10-26T22:00:50.162Z [[32minfo[39m]: Message received:  [object Object]
2024-10-26T22:00:50.163Z [[32minfo[39m]: Message stringified: 
2024-10-26T22:00:50.248Z [[32minfo[39m]: Message received from Redis: 
2024-10-26T22:00:50.250Z [[32minfo[39m]: Message published:  [object Object]
2024-10-26T22:00:50.270Z [[32minfo[39m]: Message received:  [object Object]
2024-10-26T22:00:50.270Z [[32minfo[39m]: Message stringified: 
2024-10-26T22:00:50.343Z [[32minfo[39m]: Message published:  [object Object]
2024-10-26T22:00:50.343Z [[32minfo[39m]: Message received from Redis: 
2024-10-26T22:00:50.355Z [[32minfo[39m]: Message received:  [object Object]
2024-10-26T22:00:50.355Z [[32minfo[39m]: Message stringified: 
2024-10-26T22:00:50.428Z [[32minfo[39m]: Message received from Redis: 
2024-10-26T22:00:50.428Z [[32minfo[39m]: Message published:  [object Object]
2024-10-26T22:00:50.439Z [[32minfo[39m]: Message received:  [object Object]
2024-10-26T22:00:50.440Z [[32minfo[39m]: Message stringified: 
2024-10-26T22:00:50.526Z [[32minfo[39m]: Message received from Redis: 
2024-10-26T22:00:50.527Z [[32minfo[39m]: Message published:  [object Object]
2024-10-26T22:00:50.541Z [[32minfo[39m]: Message received:  [object Object]
2024-10-26T22:00:50.541Z [[32minfo[39m]: Message stringified: 
2024-10-26T22:00:50.626Z [[32minfo[39m]: Message received from Redis: 
2024-10-26T22:00:50.627Z [[32minfo[39m]: Message published:  [object Object]
2024-10-26T22:00:50.647Z [[32minfo[39m]: Message received:  [object Object]
2024-10-26T22:00:50.648Z [[32minfo[39m]: Message stringified: 
2024-10-26T22:00:50.728Z [[32minfo[39m]: Message received from Redis: 
2024-10-26T22:00:50.729Z [[32minfo[39m]: Message published:  [object Object]
2024-10-26T22:00:50.743Z [[32minfo[39m]: Message received:  [object Object]
2024-10-26T22:00:50.743Z [[32minfo[39m]: Message stringified: 
2024-10-26T22:00:50.828Z [[32minfo[39m]: Message received from Redis: 
2024-10-26T22:00:50.828Z [[32minfo[39m]: Message published:  [object Object]
2024-10-26T22:00:50.843Z [[32minfo[39m]: Message received:  [object Object]
2024-10-26T22:00:50.843Z [[32minfo[39m]: Message stringified: 
2024-10-26T22:00:50.928Z [[32minfo[39m]: Message received from Redis: 
2024-10-26T22:00:50.929Z [[32minfo[39m]: Message published:  [object Object]
2024-10-26T22:00:50.953Z [[32minfo[39m]: Message received:  [object Object]
2024-10-26T22:00:50.953Z [[32minfo[39m]: Message stringified: 
2024-10-26T22:00:51.038Z [[32minfo[39m]: Message received from Redis: 
2024-10-26T22:00:51.038Z [[32minfo[39m]: Message published:  [object Object]
2024-10-26T22:00:51.050Z [[32minfo[39m]: Message received:  [object Object]
2024-10-26T22:00:51.051Z [[32minfo[39m]: Message stringified: 
2024-10-26T22:00:51.128Z [[32minfo[39m]: Message received from Redis: 
2024-10-26T22:00:51.128Z [[32minfo[39m]: Message published:  [object Object]
2024-10-26T22:00:51.138Z [[32minfo[39m]: Message received:  [object Object]
2024-10-26T22:00:51.139Z [[32minfo[39m]: Message stringified: 
2024-10-26T22:00:51.218Z [[32minfo[39m]: Message received from Redis: 
2024-10-26T22:00:51.218Z [[32minfo[39m]: Message published:  [object Object]
2024-10-26T22:00:51.230Z [[32minfo[39m]: Message received:  [object Object]
2024-10-26T22:00:51.230Z [[32minfo[39m]: Message stringified: 
2024-10-26T22:00:51.308Z [[32minfo[39m]: Message received from Redis: 
2024-10-26T22:00:51.308Z [[32minfo[39m]: Message published:  [object Object]
2024-10-26T22:00:51.320Z [[32minfo[39m]: Message received:  [object Object]
2024-10-26T22:00:51.320Z [[32minfo[39m]: Message stringified: 
2024-10-26T22:00:51.398Z [[32minfo[39m]: Message received from Redis: 
2024-10-26T22:00:51.398Z [[32minfo[39m]: Message published:  [object Object]
2024-10-26T22:00:51.411Z [[32minfo[39m]: Message received:  [object Object]
2024-10-26T22:00:51.411Z [[32minfo[39m]: Message stringified: 
2024-10-26T22:00:51.496Z [[32minfo[39m]: Message received from Redis: 
2024-10-26T22:00:51.497Z [[32minfo[39m]: Message published:  [object Object]
2024-10-26T22:00:51.514Z [[32minfo[39m]: Message received:  [object Object]
2024-10-26T22:00:51.515Z [[32minfo[39m]: Message stringified: 
2024-10-26T22:00:51.598Z [[32minfo[39m]: Message received from Redis: 
2024-10-26T22:00:51.599Z [[32minfo[39m]: Message published:  [object Object]
2024-10-26T22:00:51.613Z [[32minfo[39m]: Message received:  [object Object]
2024-10-26T22:00:51.614Z [[32minfo[39m]: Message stringified: 
2024-10-26T22:00:51.699Z [[32minfo[39m]: Message received from Redis: 
2024-10-26T22:00:51.699Z [[32minfo[39m]: Message published:  [object Object]
2024-10-26T22:00:51.711Z [[32minfo[39m]: Message received:  [object Object]
2024-10-26T22:00:51.711Z [[32minfo[39m]: Message stringified: 
2024-10-26T22:00:51.789Z [[32minfo[39m]: Message received from Redis: 
2024-10-26T22:00:51.789Z [[32minfo[39m]: Message published:  [object Object]
2024-10-26T22:00:51.800Z [[32minfo[39m]: Message received:  [object Object]
2024-10-26T22:00:51.800Z [[32minfo[39m]: Message stringified: 
2024-10-26T22:00:51.878Z [[32minfo[39m]: Message received from Redis: 
2024-10-26T22:00:51.878Z [[32minfo[39m]: Message published:  [object Object]
2024-10-26T22:00:51.890Z [[32minfo[39m]: Message received:  [object Object]
2024-10-26T22:00:51.891Z [[32minfo[39m]: Message stringified: 
2024-10-26T22:00:51.968Z [[32minfo[39m]: Message received from Redis: 
2024-10-26T22:00:51.969Z [[32minfo[39m]: Message published:  [object Object]
2024-10-26T22:00:52.000Z [[32minfo[39m]: Message received:  [object Object]
2024-10-26T22:00:52.001Z [[32minfo[39m]: Message stringified: 
2024-10-26T22:00:52.090Z [[32minfo[39m]: Message received from Redis: 
2024-10-26T22:00:52.092Z [[32minfo[39m]: Message published:  [object Object]
2024-10-26T22:00:52.178Z [[32minfo[39m]: Message received:  [object Object]
2024-10-26T22:00:52.181Z [[32minfo[39m]: Message stringified: 
2024-10-26T22:00:52.258Z [[32minfo[39m]: Message received from Redis: 
2024-10-26T22:00:52.259Z [[32minfo[39m]: Message published:  [object Object]
2024-10-26T22:00:52.275Z [[32minfo[39m]: Message received:  [object Object]
2024-10-26T22:00:52.276Z [[32minfo[39m]: Message stringified: 
2024-10-26T22:00:52.359Z [[32minfo[39m]: Message received from Redis: 
2024-10-26T22:00:52.360Z [[32minfo[39m]: Message published:  [object Object]
2024-10-26T22:00:52.386Z [[32minfo[39m]: Message received:  [object Object]
2024-10-26T22:00:52.387Z [[32minfo[39m]: Message stringified: 
2024-10-26T22:00:52.468Z [[32minfo[39m]: Message received from Redis: 
2024-10-26T22:00:52.469Z [[32minfo[39m]: Message published:  [object Object]
2024-10-26T22:00:52.488Z [[32minfo[39m]: Message received:  [object Object]
2024-10-26T22:00:52.488Z [[32minfo[39m]: Message stringified: 
2024-10-26T22:00:52.568Z [[32minfo[39m]: Message received from Redis: 
2024-10-26T22:00:52.569Z [[32minfo[39m]: Message published:  [object Object]
2024-10-26T22:00:52.587Z [[32minfo[39m]: Message received:  [object Object]
2024-10-26T22:00:52.588Z [[32minfo[39m]: Message stringified: 
2024-10-26T22:00:52.668Z [[32minfo[39m]: Message received from Redis: 
2024-10-26T22:00:52.669Z [[32minfo[39m]: Message published:  [object Object]
2024-10-26T22:00:52.683Z [[32minfo[39m]: Message received:  [object Object]
2024-10-26T22:00:52.684Z [[32minfo[39m]: Message stringified: 
2024-10-26T22:00:52.768Z [[32minfo[39m]: Message published:  [object Object]
2024-10-26T22:00:52.776Z [[32minfo[39m]: Message received from Redis: 
2024-10-26T22:00:52.798Z [[32minfo[39m]: Message received:  [object Object]
2024-10-26T22:00:52.799Z [[32minfo[39m]: Message stringified: 
2024-10-26T22:00:52.882Z [[32minfo[39m]: Message received from Redis: 
2024-10-26T22:00:52.883Z [[32minfo[39m]: Message published:  [object Object]
2024-10-26T22:00:52.902Z [[32minfo[39m]: Message received:  [object Object]
2024-10-26T22:00:52.902Z [[32minfo[39m]: Message stringified: 
2024-10-26T22:00:52.988Z [[32minfo[39m]: Message received from Redis: 
2024-10-26T22:00:52.989Z [[32minfo[39m]: Message published:  [object Object]
2024-10-26T22:00:53.015Z [[32minfo[39m]: Message received:  [object Object]
2024-10-26T22:00:53.015Z [[32minfo[39m]: Message stringified: 
2024-10-26T22:00:53.098Z [[32minfo[39m]: Message received from Redis: 
2024-10-26T22:00:53.099Z [[32minfo[39m]: Message published:  [object Object]
2024-10-26T22:00:53.117Z [[32minfo[39m]: Message received:  [object Object]
2024-10-26T22:00:53.118Z [[32minfo[39m]: Message stringified: 
2024-10-26T22:00:53.198Z [[32minfo[39m]: Message received from Redis: 
2024-10-26T22:00:53.199Z [[32minfo[39m]: Message published:  [object Object]
2024-10-26T22:00:53.226Z [[32minfo[39m]: Message received:  [object Object]
2024-10-26T22:00:53.227Z [[32minfo[39m]: Message stringified: 
2024-10-26T22:00:53.308Z [[32minfo[39m]: Message received from Redis: 
2024-10-26T22:00:53.309Z [[32minfo[39m]: Message published:  [object Object]
2024-10-26T22:00:53.329Z [[32minfo[39m]: Message received:  [object Object]
2024-10-26T22:00:53.330Z [[32minfo[39m]: Message stringified: 
2024-10-26T22:00:53.416Z [[32minfo[39m]: Message received from Redis: 
2024-10-26T22:00:53.417Z [[32minfo[39m]: Message published:  [object Object]
2024-10-26T22:00:53.431Z [[32minfo[39m]: Message received:  [object Object]
2024-10-26T22:00:53.431Z [[32minfo[39m]: Message stringified: 
2024-10-26T22:00:53.508Z [[32minfo[39m]: Message received from Redis: 
2024-10-26T22:00:53.510Z [[32minfo[39m]: Message published:  [object Object]
2024-10-26T22:00:53.529Z [[32minfo[39m]: Message received:  [object Object]
2024-10-26T22:00:53.529Z [[32minfo[39m]: Message stringified: 
2024-10-26T22:00:53.608Z [[32minfo[39m]: Message received from Redis: 
2024-10-26T22:00:53.609Z [[32minfo[39m]: Message published:  [object Object]
2024-10-26T22:00:53.639Z [[32minfo[39m]: Message received:  [object Object]
2024-10-26T22:00:53.640Z [[32minfo[39m]: Message stringified: 
2024-10-26T22:00:53.718Z [[32minfo[39m]: Message received from Redis: 
2024-10-26T22:00:53.719Z [[32minfo[39m]: Message published:  [object Object]
2024-10-26T22:00:53.737Z [[32minfo[39m]: Message received:  [object Object]
2024-10-26T22:00:53.737Z [[32minfo[39m]: Message stringified: 
2024-10-26T22:00:53.818Z [[32minfo[39m]: Message received from Redis: 
2024-10-26T22:00:53.819Z [[32minfo[39m]: Message published:  [object Object]
2024-10-26T22:00:53.835Z [[32minfo[39m]: Message received:  [object Object]
2024-10-26T22:00:53.835Z [[32minfo[39m]: Message stringified: 
2024-10-26T22:00:53.918Z [[32minfo[39m]: Message received from Redis: 
2024-10-26T22:00:53.919Z [[32minfo[39m]: Message published:  [object Object]
2024-10-26T22:00:53.934Z [[32minfo[39m]: Message received:  [object Object]
2024-10-26T22:00:53.934Z [[32minfo[39m]: Message stringified: 
2024-10-26T22:00:54.018Z [[32minfo[39m]: Message received from Redis: 
2024-10-26T22:00:54.019Z [[32minfo[39m]: Message published:  [object Object]
2024-10-26T22:00:54.046Z [[32minfo[39m]: Message received:  [object Object]
2024-10-26T22:00:54.046Z [[32minfo[39m]: Message stringified: 
2024-10-26T22:00:54.128Z [[32minfo[39m]: Message received from Redis: 
2024-10-26T22:00:54.129Z [[32minfo[39m]: Message published:  [object Object]
2024-10-26T22:00:54.156Z [[32minfo[39m]: Message received:  [object Object]
2024-10-26T22:00:54.157Z [[32minfo[39m]: Message stringified: 
2024-10-26T22:00:54.238Z [[32minfo[39m]: Message received from Redis: 
2024-10-26T22:00:54.239Z [[32minfo[39m]: Message published:  [object Object]
2024-10-26T22:00:54.261Z [[32minfo[39m]: Message received:  [object Object]
2024-10-26T22:00:54.261Z [[32minfo[39m]: Message stringified: 
2024-10-26T22:00:54.338Z [[32minfo[39m]: Message received from Redis: 
2024-10-26T22:00:54.339Z [[32minfo[39m]: Message published:  [object Object]
2024-10-26T22:00:54.371Z [[32minfo[39m]: Message received:  [object Object]
2024-10-26T22:00:54.372Z [[32minfo[39m]: Message stringified: 
2024-10-26T22:00:54.448Z [[32minfo[39m]: Message received from Redis: 
2024-10-26T22:00:54.449Z [[32minfo[39m]: Message published:  [object Object]
2024-10-26T22:00:54.467Z [[32minfo[39m]: Message received:  [object Object]
2024-10-26T22:00:54.468Z [[32minfo[39m]: Message stringified: 
2024-10-26T22:00:54.548Z [[32minfo[39m]: Message received from Redis: 
2024-10-26T22:00:54.549Z [[32minfo[39m]: Message published:  [object Object]
2024-10-26T22:00:54.577Z [[32minfo[39m]: Message received:  [object Object]
2024-10-26T22:00:54.578Z [[32minfo[39m]: Message stringified: 
2024-10-26T22:00:54.658Z [[32minfo[39m]: Message received from Redis: 
2024-10-26T22:00:54.659Z [[32minfo[39m]: Message published:  [object Object]
2024-10-26T22:00:54.675Z [[32minfo[39m]: Message received:  [object Object]
2024-10-26T22:00:54.676Z [[32minfo[39m]: Message stringified: 
2024-10-26T22:23:51.662Z [[32minfo[39m]: Socket service initializing
2024-10-26T22:23:51.670Z [[32minfo[39m]: Socket service listening
2024-10-26T22:23:56.493Z [[32minfo[39m]: User connected:
2024-10-26T22:24:00.001Z [[32minfo[39m]: User connected:
2024-10-26T22:24:02.001Z [[32minfo[39m]: User connected:
2024-10-26T22:26:32.354Z [[32minfo[39m]: User undefined authenticated
2024-10-26T22:27:32.845Z [[32minfo[39m]: User undefined authenticated
2024-10-26T22:28:54.472Z [[32minfo[39m]: User 213432 authenticated
2024-10-26T22:38:56.408Z [[32minfo[39m]: Socket service initializing
2024-10-26T22:38:56.415Z [[32minfo[39m]: Socket service listening
2024-10-26T23:12:41.748Z [[32minfo[39m]: Socket service initializing
2024-10-26T23:12:41.756Z [[32minfo[39m]: Socket service listening
2024-10-26T23:15:52.028Z [[32minfo[39m]: User connected:
2024-10-26T23:18:35.633Z [[32minfo[39m]: Socket service initializing
2024-10-26T23:18:35.641Z [[32minfo[39m]: Socket service listening
2024-10-26T23:18:36.671Z [[32minfo[39m]: User connected:
2024-10-26T23:18:45.471Z [[32minfo[39m]: User connected:
2024-10-26T23:19:07.717Z [[32minfo[39m]: User connected:
2024-10-26T23:20:40.742Z [[32minfo[39m]: User disconnected:
2024-10-26T23:20:41.317Z [[32minfo[39m]: User connected:
2024-10-26T23:20:47.352Z [[32minfo[39m]: Message Received: hello
2024-10-26T23:22:21.617Z [[32minfo[39m]: User disconnected:
2024-10-26T23:22:22.218Z [[32minfo[39m]: User connected:
2024-10-26T23:22:27.624Z [[32minfo[39m]: Message Received: ehasdfa
2024-10-26T23:22:45.555Z [[32minfo[39m]: Socket service initializing
2024-10-26T23:22:45.563Z [[32minfo[39m]: Socket service listening
2024-10-26T23:22:45.651Z [[32minfo[39m]: User connected:
2024-10-26T23:23:02.379Z [[32minfo[39m]: User connected:
2024-10-26T23:28:07.792Z [[32minfo[39m]: User 213432 authenticated
2024-10-26T23:34:07.343Z [[32minfo[39m]: User connected:
2024-10-26T23:34:09.234Z [[32minfo[39m]: User connected:
2024-10-26T23:36:22.348Z [[32minfo[39m]: Socket service initializing
2024-10-26T23:36:22.353Z [[32minfo[39m]: Socket service listening
2024-10-26T23:36:31.312Z [[32minfo[39m]: User connected:
2024-10-26T23:36:36.288Z [[32minfo[39m]: User 67890 joined chat 1
2024-10-26T23:36:45.550Z [[32minfo[39m]: User connected:
2024-10-26T23:36:48.285Z [[32minfo[39m]: User user_2nt6Jy9ClKMFUcbbxU4CVcHgTx9 joined chat 1
2024-10-26T23:36:48.286Z [[32minfo[39m]: User user_2nt6Jy9ClKMFUcbbxU4CVcHgTx9 joined chat 1
2024-10-26T23:36:58.102Z [[32minfo[39m]: Emitting message to chat:1 - [object Object]
2024-10-26T23:37:27.635Z [[32minfo[39m]: User connected:
2024-10-26T23:37:30.011Z [[32minfo[39m]: User connected:
2024-10-26T23:37:37.252Z [[32minfo[39m]: Emitting message to chat:1 - [object Object]
2024-10-26T23:37:51.212Z [[32minfo[39m]: Emitting message to chat:1 - [object Object]
2024-10-26T23:38:01.721Z [[32minfo[39m]: Emitting message to chat:1 - [object Object]
2024-10-26T23:38:36.383Z [[32minfo[39m]: User undefined joined chat undefined
2024-10-26T23:38:41.411Z [[32minfo[39m]: Emitting message to chat:1 - [object Object]
2024-10-26T23:38:58.209Z [[32minfo[39m]: User undefined joined chat undefined
2024-10-26T23:39:40.061Z [[32minfo[39m]: User undefined joined chat undefined
2024-10-26T23:40:20.541Z [[32minfo[39m]: User ser joined chat 1
2024-10-26T23:40:31.577Z [[32minfo[39m]: Emitting message to chat:1 - [object Object]
2024-10-27T11:14:30.766Z [[32minfo[39m]: Socket service initializing
2024-10-27T11:14:30.771Z [[32minfo[39m]: Socket service listening
2024-10-27T11:15:06.972Z [[32minfo[39m]: User connected:
2024-10-27T11:15:09.978Z [[32minfo[39m]: User user_2nt6Jy9ClKMFUcbbxU4CVcHgTx9 joined chat 1
2024-10-27T11:15:09.979Z [[32minfo[39m]: User user_2nt6Jy9ClKMFUcbbxU4CVcHgTx9 joined chat 1
2024-10-27T11:15:11.675Z [[32minfo[39m]: User user_2nt6Jy9ClKMFUcbbxU4CVcHgTx9 joined chat 2
2024-10-27T11:15:12.641Z [[32minfo[39m]: User user_2nt6Jy9ClKMFUcbbxU4CVcHgTx9 joined chat 3
2024-10-27T11:15:13.174Z [[32minfo[39m]: User user_2nt6Jy9ClKMFUcbbxU4CVcHgTx9 joined chat 1
2024-10-27T11:16:07.828Z [[32minfo[39m]: Socket service initializing
2024-10-27T11:16:07.836Z [[32minfo[39m]: Socket service listening
2024-10-27T11:26:56.729Z [[32minfo[39m]: Socket service initializing
2024-10-27T11:26:56.734Z [[32minfo[39m]: Socket service listening
2024-10-27T11:30:37.052Z [[32minfo[39m]: Socket service initializing
2024-10-27T11:30:37.061Z [[32minfo[39m]: Socket service listening
2024-10-27T11:48:15.262Z [[32minfo[39m]: Socket service initializing
2024-10-27T11:48:15.270Z [[32minfo[39m]: Socket service listening
2024-10-27T12:12:02.371Z [[32minfo[39m]: Socket service initializing
2024-10-27T12:12:02.376Z [[32minfo[39m]: Socket service listening
2024-10-27T12:12:25.038Z [[32minfo[39m]: User connected:
2024-10-27T12:12:26.884Z [[32minfo[39m]: User user_2nt6Jy9ClKMFUcbbxU4CVcHgTx9 joined chat 1
2024-10-27T12:12:26.884Z [[32minfo[39m]: User user_2nt6Jy9ClKMFUcbbxU4CVcHgTx9 joined chat 1
2024-10-27T12:12:30.005Z [[32minfo[39m]: Emitting message to chat:1 - [object Object]
2024-10-27T12:12:49.815Z [[32minfo[39m]: User disconnected:
2024-10-27T12:12:57.796Z [[32minfo[39m]: User connected:
2024-10-27T12:13:04.052Z [[32minfo[39m]: User user_2nt6Jy9ClKMFUcbbxU4CVcHgTx9 joined chat 1
2024-10-27T12:13:04.052Z [[32minfo[39m]: User user_2nt6Jy9ClKMFUcbbxU4CVcHgTx9 joined chat 1
2024-10-27T12:13:13.312Z [[32minfo[39m]: User user_2nt6Jy9ClKMFUcbbxU4CVcHgTx9 joined chat 2
2024-10-27T12:13:13.706Z [[32minfo[39m]: User user_2nt6Jy9ClKMFUcbbxU4CVcHgTx9 joined chat 3
2024-10-27T14:03:01.442Z [[32minfo[39m]: Socket service initializing
2024-10-27T14:03:01.447Z [[32minfo[39m]: Socket service listening
2024-10-27T14:04:02.843Z [[32minfo[39m]: Socket service initializing
2024-10-27T14:04:02.848Z [[32minfo[39m]: Socket service initialized
2024-10-27T14:04:02.848Z [[32minfo[39m]: Socket service listening
2024-10-27T14:55:35.936Z [[32minfo[39m]: Socket service initializing
2024-10-27T14:55:35.947Z [[32minfo[39m]: Socket service initialized
2024-10-27T14:55:35.947Z [[32minfo[39m]: Socket service listening
2024-10-27T14:57:45.304Z [[32minfo[39m]: Socket service initializing
2024-10-27T14:57:45.314Z [[32minfo[39m]: Socket service initialized
2024-10-27T14:57:45.314Z [[32minfo[39m]: Socket service listening
2024-10-27T14:57:58.285Z [[32minfo[39m]: Socket service initializing
2024-10-27T14:57:58.303Z [[32minfo[39m]: Socket service initialized
2024-10-27T14:57:58.303Z [[32minfo[39m]: Socket service listening
2024-10-27T14:58:46.934Z [[32minfo[39m]: User connected:
2024-10-27T14:58:48.960Z [[32minfo[39m]: User user_2nt6Jy9ClKMFUcbbxU4CVcHgTx9 joined chat 1
2024-10-27T14:58:48.962Z [[32minfo[39m]: User user_2nt6Jy9ClKMFUcbbxU4CVcHgTx9 joined chat 1
2024-10-27T14:58:52.273Z [[32minfo[39m]: Emitting message to chat:1 - [object Object]
2024-10-27T14:58:53.267Z [[32minfo[39m]: Emitting message to chat:1 - [object Object]
2024-10-27T14:58:56.365Z [[32minfo[39m]: Emitting message to chat:1 - [object Object]
2024-10-27T15:11:38.015Z [[32minfo[39m]: Socket service initializing
2024-10-27T15:11:38.025Z [[32minfo[39m]: Socket service initialized
2024-10-27T15:11:38.025Z [[32minfo[39m]: Socket service listening
2024-10-27T15:17:58.181Z [[32minfo[39m]: Socket service initializing
2024-10-27T15:17:58.193Z [[32minfo[39m]: Socket service initialized
2024-10-27T15:17:58.194Z [[32minfo[39m]: Socket service listening
2024-10-27T15:19:51.485Z [[32minfo[39m]: Socket service initializing
2024-10-27T15:19:51.502Z [[32minfo[39m]: Socket service initialized
2024-10-27T15:19:51.503Z [[32minfo[39m]: Socket service listening
2024-10-27T15:20:55.411Z [[32minfo[39m]: Socket service initializing
2024-10-27T15:20:55.421Z [[32minfo[39m]: Socket service initialized
2024-10-27T15:20:55.421Z [[32minfo[39m]: Socket service listening
2024-10-27T15:22:46.638Z [[32minfo[39m]: Socket service initializing
2024-10-27T15:22:46.655Z [[32minfo[39m]: Socket service initialized
2024-10-27T15:22:46.655Z [[32minfo[39m]: Socket service listening
2024-10-27T15:29:11.282Z [[32minfo[39m]: Socket service initializing
2024-10-27T15:29:11.292Z [[32minfo[39m]: Socket service initialized
2024-10-27T15:29:11.292Z [[32minfo[39m]: Socket service listening
2024-10-27T15:29:32.777Z [[32minfo[39m]: User connected:
2024-10-27T15:29:35.119Z [[32minfo[39m]: User user_2nt6Jy9ClKMFUcbbxU4CVcHgTx9 joined chat 1
2024-10-27T15:29:35.120Z [[32minfo[39m]: User user_2nt6Jy9ClKMFUcbbxU4CVcHgTx9 joined chat 1
2024-10-27T15:29:38.693Z [[32minfo[39m]: Emitting message to chat:1 - [object Object]
2024-10-27T15:32:19.977Z [[32minfo[39m]: Socket service initializing
2024-10-27T15:32:19.995Z [[32minfo[39m]: Socket service initialized
2024-10-27T15:32:19.995Z [[32minfo[39m]: Socket service listening
2024-10-27T15:32:25.974Z [[32minfo[39m]: User connected:
2024-10-27T15:32:27.951Z [[32minfo[39m]: User user_2nt6Jy9ClKMFUcbbxU4CVcHgTx9 joined chat 1
2024-10-27T15:32:27.952Z [[32minfo[39m]: User user_2nt6Jy9ClKMFUcbbxU4CVcHgTx9 joined chat 1
2024-10-27T15:32:35.396Z [[32minfo[39m]: Emitting message to chat:1 - [object Object]
2024-10-27T15:32:35.824Z [[32minfo[39m]: Emitting message to chat:1 - [object Object]
2024-10-27T15:32:36.033Z [[32minfo[39m]: Emitting message to chat:1 - [object Object]
2024-10-27T15:32:36.362Z [[32minfo[39m]: Emitting message to chat:1 - [object Object]
2024-10-27T15:32:36.595Z [[32minfo[39m]: Emitting message to chat:1 - [object Object]
2024-10-27T15:32:36.759Z [[32minfo[39m]: Emitting message to chat:1 - [object Object]
2024-10-27T15:32:36.907Z [[32minfo[39m]: Emitting message to chat:1 - [object Object]
2024-10-27T15:32:37.099Z [[32minfo[39m]: Emitting message to chat:1 - [object Object]
2024-10-27T15:32:37.238Z [[32minfo[39m]: Emitting message to chat:1 - [object Object]
2024-10-27T15:32:37.401Z [[32minfo[39m]: Emitting message to chat:1 - [object Object]
2024-10-27T15:32:37.548Z [[32minfo[39m]: Emitting message to chat:1 - [object Object]
2024-10-27T15:32:37.707Z [[32minfo[39m]: Emitting message to chat:1 - [object Object]
2024-10-27T15:32:37.843Z [[32minfo[39m]: Emitting message to chat:1 - [object Object]
2024-10-27T15:32:37.981Z [[32minfo[39m]: Emitting message to chat:1 - [object Object]
2024-10-27T15:32:38.123Z [[32minfo[39m]: Emitting message to chat:1 - [object Object]
2024-10-27T15:32:38.255Z [[32minfo[39m]: Emitting message to chat:1 - [object Object]
2024-10-27T15:32:38.398Z [[32minfo[39m]: Emitting message to chat:1 - [object Object]
2024-10-27T15:34:10.590Z [[32minfo[39m]: Socket service initializing
2024-10-27T15:34:10.599Z [[32minfo[39m]: Socket service initialized
2024-10-27T15:34:10.599Z [[32minfo[39m]: Socket service listening
2024-10-27T15:34:10.636Z [[32minfo[39m]: User connected:
2024-10-27T15:34:28.456Z [[32minfo[39m]: Emitting message to chat:1 - [object Object]
2024-10-27T15:34:29.010Z [[32minfo[39m]: Emitting message to chat:1 - [object Object]
2024-10-27T15:34:29.306Z [[32minfo[39m]: Emitting message to chat:1 - [object Object]
2024-10-27T15:34:29.536Z [[32minfo[39m]: Emitting message to chat:1 - [object Object]
2024-10-27T15:34:29.739Z [[32minfo[39m]: Emitting message to chat:1 - [object Object]
2024-10-27T15:34:29.914Z [[32minfo[39m]: Emitting message to chat:1 - [object Object]
2024-10-27T15:34:30.093Z [[32minfo[39m]: Emitting message to chat:1 - [object Object]
2024-10-27T15:34:30.454Z [[32minfo[39m]: Emitting message to chat:1 - [object Object]
2024-10-27T15:34:30.649Z [[32minfo[39m]: Emitting message to chat:1 - [object Object]
2024-10-27T15:34:30.839Z [[32minfo[39m]: Emitting message to chat:1 - [object Object]
2024-10-27T15:34:30.995Z [[32minfo[39m]: Emitting message to chat:1 - [object Object]
2024-10-27T15:34:31.177Z [[32minfo[39m]: Emitting message to chat:1 - [object Object]
2024-10-27T15:34:31.363Z [[32minfo[39m]: Emitting message to chat:1 - [object Object]
2024-10-27T15:34:31.553Z [[32minfo[39m]: Emitting message to chat:1 - [object Object]
2024-10-27T15:34:31.721Z [[32minfo[39m]: Emitting message to chat:1 - [object Object]
2024-10-27T15:34:31.879Z [[32minfo[39m]: Emitting message to chat:1 - [object Object]
2024-10-27T15:34:34.857Z [[32minfo[39m]: Emitting message to chat:1 - [object Object]
2024-10-27T15:34:37.503Z [[32minfo[39m]: Emitting message to chat:1 - [object Object]
2024-10-27T15:34:39.917Z [[32minfo[39m]: Emitting message to chat:1 - [object Object]
2024-10-27T15:36:37.457Z [[32minfo[39m]: Socket service initializing
2024-10-27T15:36:37.467Z [[32minfo[39m]: Socket service initialized
2024-10-27T15:36:37.467Z [[32minfo[39m]: Socket service listening
2024-10-27T15:38:49.485Z [[32minfo[39m]: User connected:
2024-10-27T15:38:51.046Z [[32minfo[39m]: User user_2nt6Jy9ClKMFUcbbxU4CVcHgTx9 joined chat 1
2024-10-27T15:38:51.047Z [[32minfo[39m]: User user_2nt6Jy9ClKMFUcbbxU4CVcHgTx9 joined chat 1
2024-10-27T15:38:54.245Z [[32minfo[39m]: Emitting message to chat:1 - [object Object]
2024-10-27T16:59:15.819Z [[32minfo[39m]: Socket service initializing
2024-10-27T18:03:12.805Z [[32minfo[39m]: Socket service initializing
2024-10-27T18:03:12.821Z [[32minfo[39m]: Socket service initialized
2024-10-27T18:03:12.822Z [[32minfo[39m]: Socket service listening
2024-10-27T18:03:41.524Z [[32minfo[39m]: User connected:
2024-10-27T18:04:04.366Z [[32minfo[39m]: User disconnected:
2024-10-27T18:05:47.429Z [[32minfo[39m]: User connected:
2024-10-27T18:07:11.132Z [[32minfo[39m]: User disconnected:
2024-10-27T18:07:11.850Z [[32minfo[39m]: User connected:
2024-10-27T18:07:38.404Z [[32minfo[39m]: User disconnected:
2024-10-27T18:07:38.869Z [[32minfo[39m]: User connected:
2024-10-27T18:08:17.992Z [[32minfo[39m]: User disconnected:
2024-10-27T18:08:18.478Z [[32minfo[39m]: User connected:
2024-10-27T18:14:42.327Z [[32minfo[39m]: User disconnected:
2024-10-27T18:14:42.989Z [[32minfo[39m]: User connected:
2024-10-27T18:14:46.756Z [[32minfo[39m]: User user_2o20MkNEG3920WGgDpzQpGibJTS joined chat 1
2024-10-27T18:14:46.759Z [[32minfo[39m]: User user_2o20MkNEG3920WGgDpzQpGibJTS joined chat 1
2024-10-27T18:14:47.234Z [[32minfo[39m]: User user_2o20MkNEG3920WGgDpzQpGibJTS joined chat 2
2024-10-27T18:14:48.021Z [[32minfo[39m]: User user_2o20MkNEG3920WGgDpzQpGibJTS joined chat 3
2024-10-27T18:14:48.540Z [[32minfo[39m]: User user_2o20MkNEG3920WGgDpzQpGibJTS joined chat 1
2024-10-27T18:14:49.015Z [[32minfo[39m]: User user_2o20MkNEG3920WGgDpzQpGibJTS joined chat 2
2024-10-27T18:14:49.776Z [[32minfo[39m]: User user_2o20MkNEG3920WGgDpzQpGibJTS joined chat 3
2024-10-27T18:14:50.354Z [[32minfo[39m]: User user_2o20MkNEG3920WGgDpzQpGibJTS joined chat 1
2024-10-27T18:14:53.246Z [[32minfo[39m]: User disconnected:
2024-10-27T18:14:59.221Z [[32minfo[39m]: User connected:
2024-10-27T18:15:09.379Z [[32minfo[39m]: User disconnected:
2024-10-27T18:16:26.633Z [[32minfo[39m]: User connected:
2024-10-27T18:17:29.364Z [[32minfo[39m]: Socket service initializing
2024-10-27T18:17:29.382Z [[32minfo[39m]: Socket service initialized
2024-10-27T18:17:29.382Z [[32minfo[39m]: Socket service listening
2024-10-27T18:19:59.334Z [[32minfo[39m]: User connected:
2024-10-27T18:24:33.461Z [[32minfo[39m]: User disconnected:
2024-10-27T18:26:53.481Z [[32minfo[39m]: User connected:
2024-10-27T18:30:59.181Z [[32minfo[39m]: User disconnected:
2024-10-27T18:31:00.048Z [[32minfo[39m]: User connected:
2024-10-27T18:31:52.347Z [[32minfo[39m]: Socket service initializing
2024-10-27T18:31:52.365Z [[32minfo[39m]: Socket service initialized
2024-10-27T18:31:52.365Z [[32minfo[39m]: Socket service listening
2024-10-27T18:31:55.663Z [[32minfo[39m]: User connected:
2024-10-27T18:32:02.638Z [[32minfo[39m]: User disconnected:
2024-10-27T18:32:03.621Z [[32minfo[39m]: User connected:
2024-10-27T18:33:00.841Z [[32minfo[39m]: User disconnected:
2024-10-27T18:33:17.686Z [[32minfo[39m]: User connected:
2024-10-27T18:33:33.409Z [[32minfo[39m]: User disconnected:
2024-10-27T18:34:40.865Z [[32minfo[39m]: User connected:
2024-10-27T19:24:57.553Z [[32minfo[39m]: Socket service initializing
2024-10-27T19:24:57.565Z [[32minfo[39m]: Socket service initialized
2024-10-27T19:24:57.566Z [[32minfo[39m]: Socket service listening
2024-10-27T19:25:23.732Z [[32minfo[39m]: User connected:
2024-10-27T19:27:21.808Z [[32minfo[39m]: User user_2o23w5YSMkxiXlwEZXyCbn8bMjc joined chat 1
2024-10-27T19:27:21.810Z [[32minfo[39m]: User user_2o23w5YSMkxiXlwEZXyCbn8bMjc joined chat 1
2024-10-27T19:27:22.214Z [[32minfo[39m]: User user_2o23w5YSMkxiXlwEZXyCbn8bMjc joined chat 2
2024-10-27T19:27:22.622Z [[32minfo[39m]: User user_2o23w5YSMkxiXlwEZXyCbn8bMjc joined chat 3
2024-10-27T19:27:23.165Z [[32minfo[39m]: User user_2o23w5YSMkxiXlwEZXyCbn8bMjc joined chat 2
2024-10-27T19:27:23.525Z [[32minfo[39m]: User user_2o23w5YSMkxiXlwEZXyCbn8bMjc joined chat 1
2024-10-27T19:27:33.886Z [[32minfo[39m]: User user_2o23w5YSMkxiXlwEZXyCbn8bMjc joined chat 2
2024-10-27T19:27:34.241Z [[32minfo[39m]: User user_2o23w5YSMkxiXlwEZXyCbn8bMjc joined chat 3
2024-10-27T19:58:00.577Z [[32minfo[39m]: Socket service initializing
2024-10-27T19:58:00.587Z [[32minfo[39m]: Socket service initialized
2024-10-27T19:58:00.587Z [[32minfo[39m]: Socket service listening
2024-10-27T19:58:16.684Z [[32minfo[39m]: User connected:
2024-10-27T19:58:25.934Z [[32minfo[39m]: User disconnected:
2024-10-27T19:58:49.319Z [[32minfo[39m]: User connected:
2024-10-27T19:59:02.361Z [[32minfo[39m]: User disconnected:
2024-10-27T19:59:25.214Z [[32minfo[39m]: User connected:
2024-10-27T19:59:46.704Z [[32minfo[39m]: User disconnected:
2024-10-27T20:01:36.847Z [[32minfo[39m]: User connected:
2024-10-27T20:01:50.862Z [[32minfo[39m]: User disconnected:
2024-10-27T20:02:55.485Z [[32minfo[39m]: User connected:
2024-10-27T20:03:02.600Z [[32minfo[39m]: User disconnected:
2024-10-27T20:03:36.034Z [[32minfo[39m]: User connected:
2024-10-27T20:03:39.345Z [[32minfo[39m]: User disconnected:
2024-10-27T20:03:51.820Z [[32minfo[39m]: User connected:
2024-10-27T20:04:16.553Z [[32minfo[39m]: User disconnected:
2024-10-27T20:11:00.422Z [[32minfo[39m]: User connected:
2024-10-27T20:11:17.603Z [[32minfo[39m]: User disconnected:
2024-10-27T20:11:41.122Z [[32minfo[39m]: User connected:
2024-10-27T20:12:04.264Z [[32minfo[39m]: User disconnected:
2024-10-27T20:13:35.503Z [[32minfo[39m]: User connected:
2024-10-27T20:13:38.713Z [[32minfo[39m]: User disconnected:
2024-10-27T20:13:43.190Z [[32minfo[39m]: User connected:
2024-10-27T20:13:49.337Z [[32minfo[39m]: User disconnected:
2024-10-27T20:14:17.354Z [[32minfo[39m]: User connected:
2024-10-27T20:14:23.450Z [[32minfo[39m]: User disconnected:
2024-10-27T20:14:53.154Z [[32minfo[39m]: User connected:
2024-10-27T20:14:57.497Z [[32minfo[39m]: User disconnected:
2024-10-27T20:14:58.320Z [[32minfo[39m]: User connected:
2024-10-27T20:15:51.512Z [[32minfo[39m]: User disconnected:
2024-10-27T20:15:52.086Z [[32minfo[39m]: User connected:
2024-10-27T20:17:18.081Z [[32minfo[39m]: User disconnected:
2024-10-27T20:17:18.842Z [[32minfo[39m]: User connected:
2024-10-27T20:22:47.045Z [[32minfo[39m]: User disconnected:
2024-10-27T20:22:47.990Z [[32minfo[39m]: User connected:
2024-10-27T20:28:22.167Z [[32minfo[39m]: User disconnected:
2024-10-27T20:28:22.717Z [[32minfo[39m]: User connected:
2024-10-27T20:28:44.364Z [[32minfo[39m]: User disconnected:
2024-10-27T20:28:50.525Z [[32minfo[39m]: User connected:
2024-10-27T20:37:43.380Z [[32minfo[39m]: User disconnected:
2024-10-27T20:37:44.408Z [[32minfo[39m]: User connected:
2024-10-27T20:41:08.566Z [[32minfo[39m]: User disconnected:
2024-10-27T20:41:09.160Z [[32minfo[39m]: User connected:
2024-10-27T20:42:55.652Z [[32minfo[39m]: User disconnected:
2024-10-27T20:42:56.202Z [[32minfo[39m]: User connected:
2024-10-27T20:48:26.842Z [[32minfo[39m]: Socket service initializing
2024-10-27T20:48:26.853Z [[32minfo[39m]: Socket service initialized
2024-10-27T20:48:26.853Z [[32minfo[39m]: Socket service listening
2024-10-27T20:48:37.925Z [[32minfo[39m]: User connected:
2024-10-27T20:50:50.279Z [[32minfo[39m]: User disconnected:
2024-10-27T20:50:51.081Z [[32minfo[39m]: User connected:
2024-10-27T20:51:12.115Z [[32minfo[39m]: User disconnected:
2024-10-27T20:51:12.724Z [[32minfo[39m]: User connected:
2024-10-27T20:53:27.745Z [[32minfo[39m]: User disconnected:
2024-10-27T20:53:28.598Z [[32minfo[39m]: User connected:
2024-10-27T20:54:04.710Z [[32minfo[39m]: User disconnected:
2024-10-27T20:54:05.329Z [[32minfo[39m]: User connected:
2024-10-27T20:56:09.852Z [[32minfo[39m]: User user_2o23w5YSMkxiXlwEZXyCbn8bMjc joined chat chat_ IMcAmxnBCS
2024-10-27T20:56:09.854Z [[32minfo[39m]: User user_2o23w5YSMkxiXlwEZXyCbn8bMjc joined chat chat_ IMcAmxnBCS
2024-10-27T20:56:16.502Z [[32minfo[39m]: Emitting message to chat:chat_ IMcAmxnBCS - [object Object]
2024-10-27T20:56:25.038Z [[32minfo[39m]: Emitting message to chat:chat_ IMcAmxnBCS - [object Object]
2024-10-27T20:59:44.948Z [[31merror[39m]: Error: connect ECONNREFUSED 127.0.0.1:6379
    at TCPConnectWrap.afterConnect [as oncomplete] (node:net:1607:16)
2024-10-27T20:59:44.949Z [[31merror[39m]: Error: connect ECONNREFUSED 127.0.0.1:6379
    at TCPConnectWrap.afterConnect [as oncomplete] (node:net:1607:16)
2024-10-27T20:59:44.950Z [[31merror[39m]: Error: connect ECONNREFUSED 127.0.0.1:6379
    at TCPConnectWrap.afterConnect [as oncomplete] (node:net:1607:16)
2024-10-27T20:59:45.099Z [[31merror[39m]: Error: connect ECONNREFUSED 127.0.0.1:6379
    at TCPConnectWrap.afterConnect [as oncomplete] (node:net:1607:16)
2024-10-27T20:59:45.101Z [[31merror[39m]: Error: connect ECONNREFUSED 127.0.0.1:6379
    at TCPConnectWrap.afterConnect [as oncomplete] (node:net:1607:16)
2024-10-27T20:59:45.102Z [[31merror[39m]: Error: connect ECONNREFUSED 127.0.0.1:6379
    at TCPConnectWrap.afterConnect [as oncomplete] (node:net:1607:16)
2024-10-27T20:59:45.301Z [[31merror[39m]: Error: connect ECONNREFUSED 127.0.0.1:6379
    at TCPConnectWrap.afterConnect [as oncomplete] (node:net:1607:16)
2024-10-27T20:59:45.304Z [[31merror[39m]: Error: connect ECONNREFUSED 127.0.0.1:6379
    at TCPConnectWrap.afterConnect [as oncomplete] (node:net:1607:16)
2024-10-27T20:59:45.305Z [[31merror[39m]: Error: connect ECONNREFUSED 127.0.0.1:6379
    at TCPConnectWrap.afterConnect [as oncomplete] (node:net:1607:16)
2024-10-27T20:59:45.551Z [[31merror[39m]: Error: connect ECONNREFUSED 127.0.0.1:6379
    at TCPConnectWrap.afterConnect [as oncomplete] (node:net:1607:16)
2024-10-27T20:59:45.556Z [[31merror[39m]: Error: connect ECONNREFUSED 127.0.0.1:6379
    at TCPConnectWrap.afterConnect [as oncomplete] (node:net:1607:16)
2024-10-27T20:59:45.557Z [[31merror[39m]: Error: connect ECONNREFUSED 127.0.0.1:6379
    at TCPConnectWrap.afterConnect [as oncomplete] (node:net:1607:16)
2024-10-27T20:59:45.853Z [[31merror[39m]: Error: connect ECONNREFUSED 127.0.0.1:6379
    at TCPConnectWrap.afterConnect [as oncomplete] (node:net:1607:16)
2024-10-27T20:59:45.858Z [[31merror[39m]: Error: connect ECONNREFUSED 127.0.0.1:6379
    at TCPConnectWrap.afterConnect [as oncomplete] (node:net:1607:16)
2024-10-27T20:59:45.858Z [[31merror[39m]: Error: connect ECONNREFUSED 127.0.0.1:6379
    at TCPConnectWrap.afterConnect [as oncomplete] (node:net:1607:16)
2024-10-27T20:59:46.205Z [[31merror[39m]: Error: connect ECONNREFUSED 127.0.0.1:6379
    at TCPConnectWrap.afterConnect [as oncomplete] (node:net:1607:16)
2024-10-27T20:59:46.209Z [[31merror[39m]: Error: connect ECONNREFUSED 127.0.0.1:6379
    at TCPConnectWrap.afterConnect [as oncomplete] (node:net:1607:16)
2024-10-27T20:59:46.209Z [[31merror[39m]: Error: connect ECONNREFUSED 127.0.0.1:6379
    at TCPConnectWrap.afterConnect [as oncomplete] (node:net:1607:16)
2024-10-27T20:59:46.606Z [[31merror[39m]: Error: connect ECONNREFUSED 127.0.0.1:6379
    at TCPConnectWrap.afterConnect [as oncomplete] (node:net:1607:16)
2024-10-27T20:59:46.611Z [[31merror[39m]: Error: connect ECONNREFUSED 127.0.0.1:6379
    at TCPConnectWrap.afterConnect [as oncomplete] (node:net:1607:16)
2024-10-27T20:59:46.611Z [[31merror[39m]: Error: connect ECONNREFUSED 127.0.0.1:6379
    at TCPConnectWrap.afterConnect [as oncomplete] (node:net:1607:16)
2024-10-27T20:59:47.057Z [[31merror[39m]: Error: connect ECONNREFUSED 127.0.0.1:6379
    at TCPConnectWrap.afterConnect [as oncomplete] (node:net:1607:16)
2024-10-27T20:59:47.062Z [[31merror[39m]: Error: connect ECONNREFUSED 127.0.0.1:6379
    at TCPConnectWrap.afterConnect [as oncomplete] (node:net:1607:16)
2024-10-27T20:59:47.062Z [[31merror[39m]: Error: connect ECONNREFUSED 127.0.0.1:6379
    at TCPConnectWrap.afterConnect [as oncomplete] (node:net:1607:16)
2024-10-27T20:59:47.558Z [[31merror[39m]: Error: connect ECONNREFUSED 127.0.0.1:6379
    at TCPConnectWrap.afterConnect [as oncomplete] (node:net:1607:16)
2024-10-27T20:59:47.563Z [[31merror[39m]: Error: connect ECONNREFUSED 127.0.0.1:6379
    at TCPConnectWrap.afterConnect [as oncomplete] (node:net:1607:16)
2024-10-27T20:59:47.563Z [[31merror[39m]: Error: connect ECONNREFUSED 127.0.0.1:6379
    at TCPConnectWrap.afterConnect [as oncomplete] (node:net:1607:16)
2024-10-27T20:59:48.109Z [[31merror[39m]: Error: connect ECONNREFUSED 127.0.0.1:6379
    at TCPConnectWrap.afterConnect [as oncomplete] (node:net:1607:16)
2024-10-27T20:59:48.114Z [[31merror[39m]: Error: connect ECONNREFUSED 127.0.0.1:6379
    at TCPConnectWrap.afterConnect [as oncomplete] (node:net:1607:16)
2024-10-27T20:59:48.114Z [[31merror[39m]: Error: connect ECONNREFUSED 127.0.0.1:6379
    at TCPConnectWrap.afterConnect [as oncomplete] (node:net:1607:16)
2024-10-27T20:59:48.710Z [[31merror[39m]: Error: connect ECONNREFUSED 127.0.0.1:6379
    at TCPConnectWrap.afterConnect [as oncomplete] (node:net:1607:16)
2024-10-27T20:59:48.715Z [[31merror[39m]: Error: connect ECONNREFUSED 127.0.0.1:6379
    at TCPConnectWrap.afterConnect [as oncomplete] (node:net:1607:16)
2024-10-27T20:59:48.715Z [[31merror[39m]: Error: connect ECONNREFUSED 127.0.0.1:6379
    at TCPConnectWrap.afterConnect [as oncomplete] (node:net:1607:16)
2024-10-27T20:59:49.362Z [[31merror[39m]: Error: connect ECONNREFUSED 127.0.0.1:6379
    at TCPConnectWrap.afterConnect [as oncomplete] (node:net:1607:16)
2024-10-27T20:59:49.365Z [[31merror[39m]: Error: connect ECONNREFUSED 127.0.0.1:6379
    at TCPConnectWrap.afterConnect [as oncomplete] (node:net:1607:16)
2024-10-27T20:59:49.366Z [[31merror[39m]: Error: connect ECONNREFUSED 127.0.0.1:6379
    at TCPConnectWrap.afterConnect [as oncomplete] (node:net:1607:16)
2024-10-27T20:59:50.064Z [[31merror[39m]: Error: connect ECONNREFUSED 127.0.0.1:6379
    at TCPConnectWrap.afterConnect [as oncomplete] (node:net:1607:16)
2024-10-27T20:59:50.067Z [[31merror[39m]: Error: connect ECONNREFUSED 127.0.0.1:6379
    at TCPConnectWrap.afterConnect [as oncomplete] (node:net:1607:16)
2024-10-27T20:59:50.067Z [[31merror[39m]: Error: connect ECONNREFUSED 127.0.0.1:6379
    at TCPConnectWrap.afterConnect [as oncomplete] (node:net:1607:16)
2024-10-28T06:24:03.319Z [[32minfo[39m]: Socket service initializing
2024-10-28T06:24:03.328Z [[32minfo[39m]: Socket service initialized
2024-10-28T06:24:03.328Z [[32minfo[39m]: Socket service listening
2024-10-28T06:24:43.778Z [[32minfo[39m]: User connected:
2024-10-28T06:25:01.720Z [[32minfo[39m]: User disconnected:
2024-10-28T06:25:02.174Z [[32minfo[39m]: User connected:
2024-10-28T06:49:53.873Z [[32minfo[39m]: Socket service initialized
2024-10-28T06:51:34.210Z [[32minfo[39m]: Socket service initialized
2024-10-28T06:52:18.537Z [[32minfo[39m]: Socket service initialized
2024-10-28T06:52:33.869Z [[32minfo[39m]: Socket service initialized
2024-10-28T06:53:56.871Z [[32minfo[39m]: Socket service initialized
2024-10-28T06:54:14.509Z [[32minfo[39m]: User connected:
2024-10-28T06:54:49.504Z [[32minfo[39m]: User disconnected:
2024-10-28T06:56:15.824Z [[32minfo[39m]: User connected:
2024-10-28T06:56:41.239Z [[32minfo[39m]: User disconnected:
2024-10-28T06:57:22.075Z [[32minfo[39m]: User connected:
2024-10-28T06:57:40.076Z [[32minfo[39m]: User disconnected:
2024-10-28T06:57:40.564Z [[32minfo[39m]: User connected:
2024-10-28T07:04:46.055Z [[32minfo[39m]: User disconnected:
2024-10-28T07:04:46.402Z [[32minfo[39m]: User connected:
2024-10-28T07:06:22.455Z [[32minfo[39m]: User disconnected:
2024-10-28T07:06:22.925Z [[32minfo[39m]: User connected:
2024-10-28T07:06:31.562Z [[32minfo[39m]: User disconnected:
2024-10-28T07:06:32.007Z [[32minfo[39m]: User connected:
2024-10-28T13:44:32.273Z [[32minfo[39m]: Socket service initialized
2024-10-28T14:41:35.037Z [[32minfo[39m]: Socket service initialized
2024-10-28T14:42:08.868Z [[32minfo[39m]: User connected:
2024-10-28T14:43:23.698Z [[32minfo[39m]: User disconnected:
2024-10-28T14:44:28.081Z [[32minfo[39m]: User connected:
2024-10-28T14:45:08.347Z [[32minfo[39m]: User disconnected:
2024-10-28T14:45:47.143Z [[32minfo[39m]: User connected:
2024-10-28T14:46:00.792Z [[32minfo[39m]: User disconnected:
2024-10-28T14:46:01.269Z [[32minfo[39m]: User connected:
2024-10-28T14:46:03.534Z [[32minfo[39m]: User undefined joined chat [object Object]
2024-10-28T14:46:03.536Z [[32minfo[39m]: User undefined joined chat [object Object]
2024-10-28T14:50:56.077Z [[32minfo[39m]: User disconnected:
2024-10-28T14:51:06.845Z [[32minfo[39m]: User connected:
2024-10-28T14:51:08.184Z [[32minfo[39m]: User undefined joined chat [object Object]
2024-10-28T14:51:08.186Z [[32minfo[39m]: User undefined joined chat [object Object]
2024-10-28T14:51:10.995Z [[32minfo[39m]: User disconnected:
2024-10-28T14:51:11.360Z [[32minfo[39m]: User connected:
2024-10-28T14:51:12.374Z [[32minfo[39m]: User undefined joined chat [object Object]
2024-10-28T14:51:12.375Z [[32minfo[39m]: User undefined joined chat [object Object]
2024-10-28T14:52:51.313Z [[32minfo[39m]: User disconnected:
2024-10-28T14:52:51.834Z [[32minfo[39m]: User connected:
2024-10-28T14:52:53.553Z [[32minfo[39m]: User disconnected:
2024-10-28T14:52:53.910Z [[32minfo[39m]: User connected:
2024-10-28T14:53:19.520Z [[32minfo[39m]: User disconnected:
2024-10-28T14:53:46.305Z [[32minfo[39m]: User connected:
2024-10-28T14:53:52.465Z [[32minfo[39m]: User disconnected:
2024-10-28T14:53:52.779Z [[32minfo[39m]: User connected:
2024-10-28T14:54:16.210Z [[32minfo[39m]: User disconnected:
2024-10-28T14:54:16.726Z [[32minfo[39m]: User connected:
2024-10-28T14:54:23.190Z [[32minfo[39m]: User disconnected:
2024-10-28T14:54:23.709Z [[32minfo[39m]: User connected:
2024-10-28T14:59:30.380Z [[32minfo[39m]: Socket service initialized
2024-10-28T14:59:50.113Z [[32minfo[39m]: User connected:
2024-10-28T14:59:52.161Z [[32minfo[39m]: User undefined joined chat [object Object]
2024-10-28T14:59:52.164Z [[32minfo[39m]: User undefined joined chat [object Object]
2024-10-28T15:00:12.163Z [[32minfo[39m]: User disconnected:
2024-10-28T15:00:12.592Z [[32minfo[39m]: User connected:
2024-10-28T15:00:14.205Z [[32minfo[39m]: User undefined joined chat [object Object]
2024-10-28T15:00:14.208Z [[32minfo[39m]: User undefined joined chat [object Object]
2024-10-28T15:08:56.962Z [[32minfo[39m]: Socket service initialized
2024-10-28T15:09:03.564Z [[32minfo[39m]: User connected:
2024-10-28T15:09:04.938Z [[32minfo[39m]: User undefined joined chat [object Object]
2024-10-28T15:09:04.940Z [[32minfo[39m]: User undefined joined chat [object Object]
2024-10-28T15:09:28.550Z [[32minfo[39m]: User disconnected:
2024-10-28T15:09:29.106Z [[32minfo[39m]: User connected:
2024-10-28T15:09:52.738Z [[32minfo[39m]: User disconnected:
2024-10-28T15:09:53.630Z [[32minfo[39m]: User connected:
2024-10-28T15:09:54.491Z [[32minfo[39m]: User undefined joined chat [object Object]
2024-10-28T15:09:54.494Z [[32minfo[39m]: User undefined joined chat [object Object]
2024-10-28T15:10:16.038Z [[32minfo[39m]: User disconnected:
2024-10-28T15:10:16.735Z [[32minfo[39m]: User connected:
2024-10-28T15:10:17.297Z [[32minfo[39m]: User disconnected:
2024-10-28T15:10:17.974Z [[32minfo[39m]: User connected:
2024-10-28T15:10:20.163Z [[32minfo[39m]: User disconnected:
2024-10-28T15:10:21.041Z [[32minfo[39m]: User connected:
2024-10-28T15:10:33.892Z [[32minfo[39m]: User undefined joined chat [object Object]
2024-10-28T15:10:33.897Z [[32minfo[39m]: User undefined joined chat [object Object]
2024-10-28T15:13:48.845Z [[32minfo[39m]: User disconnected:
2024-10-28T15:13:49.776Z [[32minfo[39m]: User connected:
2024-10-28T15:13:51.258Z [[32minfo[39m]: User undefined joined chat [object Object]
2024-10-28T15:13:51.262Z [[32minfo[39m]: User undefined joined chat [object Object]
2024-10-28T15:14:01.568Z [[32minfo[39m]: User disconnected:
2024-10-28T15:14:02.244Z [[32minfo[39m]: User connected:
2024-10-28T15:14:03.134Z [[32minfo[39m]: User undefined joined chat [object Object]
2024-10-28T15:14:03.136Z [[32minfo[39m]: User undefined joined chat [object Object]
2024-10-28T15:15:32.369Z [[32minfo[39m]: User disconnected:
2024-10-28T15:15:33.249Z [[32minfo[39m]: User connected:
2024-10-28T15:15:34.261Z [[32minfo[39m]: User undefined joined chat [object Object]
2024-10-28T15:15:34.264Z [[32minfo[39m]: User undefined joined chat [object Object]
2024-10-28T15:16:17.229Z [[32minfo[39m]: User disconnected:
2024-10-28T15:16:17.727Z [[32minfo[39m]: User connected:
2024-10-28T15:16:20.968Z [[32minfo[39m]: User undefined joined chat [object Object]
2024-10-28T15:16:20.971Z [[32minfo[39m]: User undefined joined chat [object Object]
2024-10-28T15:17:24.326Z [[32minfo[39m]: User disconnected:
2024-10-28T15:17:25.232Z [[32minfo[39m]: User connected:
2024-10-28T15:17:28.210Z [[32minfo[39m]: User undefined joined chat [object Object]
2024-10-28T15:17:28.213Z [[32minfo[39m]: User undefined joined chat [object Object]
2024-10-28T15:18:45.595Z [[32minfo[39m]: User disconnected:
2024-10-28T15:18:46.209Z [[32minfo[39m]: User connected:
2024-10-28T15:18:47.039Z [[32minfo[39m]: User disconnected:
2024-10-28T15:18:47.612Z [[32minfo[39m]: User connected:
2024-10-28T15:18:51.119Z [[32minfo[39m]: User disconnected:
2024-10-28T15:18:51.996Z [[32minfo[39m]: User connected:
2024-10-28T15:18:52.814Z [[32minfo[39m]: User undefined joined chat [object Object]
2024-10-28T15:18:52.816Z [[32minfo[39m]: User undefined joined chat [object Object]
